Mon May 19 2025 17:06:50   :  Нулевая таблица productList128831
Mon May 19 2025 22:31:04   :  Нулевая таблица productList131013
Mon May 19 2025 22:52:15   :  Нулевая таблица productList131226
Mon May 19 2025 22:53:02   :  Нулевая таблица productList131246
Mon May 19 2025 22:55:09   :  Нулевая таблица productList131286
Mon May 19 2025 22:56:49   :  Нулевая таблица productList131359
Mon May 19 2025 23:03:57   :  Нулевая таблица productList131408
Mon May 19 2025 23:05:27   :  Нулевая таблица productList131454
Tue May 20 2025 01:16:38   :  Нулевая таблица productList171532
Tue May 20 2025 01:37:25   :  Нулевая таблица productList299
Tue May 20 2025 01:37:29   :  Нулевая таблица productList300
Tue May 20 2025 01:37:35   :  Нулевая таблица productList303
Tue May 20 2025 01:37:37   :  Нулевая таблица productList304
Tue May 20 2025 01:37:42   :  Нулевая таблица productList305
Tue May 20 2025 01:37:46   :  Нулевая таблица productList335
Tue May 20 2025 01:37:47   :  Нулевая таблица productList336
Tue May 20 2025 01:37:51   :  Нулевая таблица productList337
Tue May 20 2025 01:37:52   :  Нулевая таблица productList338
Tue May 20 2025 01:37:53   :  Нулевая таблица productList339
Tue May 20 2025 01:37:55   :  Нулевая таблица productList340
Tue May 20 2025 01:37:57   :  Нулевая таблица productList341
Tue May 20 2025 01:37:58   :  Нулевая таблица productList342
Tue May 20 2025 01:37:59   :  Нулевая таблица productList343
Tue May 20 2025 01:38:01   :  Нулевая таблица productList344
Tue May 20 2025 01:38:03   :  Нулевая таблица productList346
Tue May 20 2025 01:38:06   :  Нулевая таблица productList347
Tue May 20 2025 01:38:08   :  Нулевая таблица productList348
Tue May 20 2025 01:38:09   :  Нулевая таблица productList350
Tue May 20 2025 01:38:13   :  Нулевая таблица productList351
Tue May 20 2025 01:38:14   :  Нулевая таблица productList354
Tue May 20 2025 01:38:16   :  Нулевая таблица productList355
Tue May 20 2025 01:38:18   :  Нулевая таблица productList356
Tue May 20 2025 01:38:20   :  Нулевая таблица productList357
Tue May 20 2025 01:38:21   :  Нулевая таблица productList358
Tue May 20 2025 01:38:23   :  Нулевая таблица productList359
Tue May 20 2025 01:38:24   :  Нулевая таблица productList360
Tue May 20 2025 01:41:25   :  Нулевая таблица productList361
Tue May 20 2025 01:41:27   :  Нулевая таблица productList362
Tue May 20 2025 01:41:29   :  Нулевая таблица productList363
Tue May 20 2025 01:41:30   :  Нулевая таблица productList364
Tue May 20 2025 01:41:31   :  Нулевая таблица productList365
Tue May 20 2025 01:41:44   :  Нулевая таблица productList4920
Tue May 20 2025 01:41:48   :  Нулевая таблица productList4922
Tue May 20 2025 01:41:54   :  Нулевая таблица productList4924
Tue May 20 2025 01:42:08   :  Нулевая таблица productList5381
Tue May 20 2025 01:42:10   :  Нулевая таблица productList5382
Tue May 20 2025 01:42:14   :  Нулевая таблица productList5383
Tue May 20 2025 01:42:29   :  Нулевая таблица productList5384
Tue May 20 2025 01:42:31   :  Нулевая таблица productList5516
Tue May 20 2025 01:42:37   :  Нулевая таблица productList567
Tue May 20 2025 01:42:38   :  Нулевая таблица productList58107
Tue May 20 2025 01:42:50   :  Нулевая таблица productList58108
Tue May 20 2025 01:42:51   :  Нулевая таблица productList58154
Tue May 20 2025 01:42:57   :  Нулевая таблица productList58217
Tue May 20 2025 01:42:58   :  Нулевая таблица productList58308
Tue May 20 2025 01:43:00   :  Нулевая таблица productList58327
Tue May 20 2025 01:43:01   :  Нулевая таблица productList58328
Tue May 20 2025 01:43:03   :  Нулевая таблица productList58396
Tue May 20 2025 01:43:05   :  Нулевая таблица productList58397
Tue May 20 2025 01:43:06   :  Нулевая таблица productList58403
Tue May 20 2025 01:43:09   :  Нулевая таблица productList58421
Tue May 20 2025 01:43:12   :  Нулевая таблица productList58511
Tue May 20 2025 01:43:14   :  Нулевая таблица productList58513
Tue May 20 2025 01:43:20   :  Нулевая таблица productList58522
Tue May 20 2025 01:43:21   :  Нулевая таблица productList58591
Tue May 20 2025 01:43:23   :  Нулевая таблица productList58639
Tue May 20 2025 01:43:24   :  Нулевая таблица productList58640
Tue May 20 2025 01:43:31   :  Нулевая таблица productList58668
Tue May 20 2025 01:43:39   :  Нулевая таблица productList58757
Tue May 20 2025 01:43:40   :  Нулевая таблица productList58874
Tue May 20 2025 01:43:41   :  Нулевая таблица productList58992
Tue May 20 2025 01:43:42   :  Нулевая таблица productList59065
Tue May 20 2025 01:43:43   :  Нулевая таблица productList59104
Tue May 20 2025 01:43:46   :  Нулевая таблица productList59131
Tue May 20 2025 01:44:05   :  Нулевая таблица productList59132
Tue May 20 2025 01:44:06   :  Нулевая таблица productList59355
Tue May 20 2025 01:44:08   :  Нулевая таблица productList59526
Tue May 20 2025 01:44:09   :  Нулевая таблица productList59529
Tue May 20 2025 01:44:10   :  Нулевая таблица productList59737
Tue May 20 2025 01:44:12   :  Нулевая таблица productList59744
Tue May 20 2025 01:44:13   :  Нулевая таблица productList59860
Tue May 20 2025 01:44:16   :  Нулевая таблица productList59872
Tue May 20 2025 01:44:17   :  Нулевая таблица productList59998
Tue May 20 2025 01:44:20   :  Нулевая таблица productList60011
Tue May 20 2025 01:44:27   :  Нулевая таблица productList60015
Tue May 20 2025 01:44:28   :  Нулевая таблица productList60044
Tue May 20 2025 01:44:30   :  Нулевая таблица productList60062
Tue May 20 2025 01:44:31   :  Нулевая таблица productList60068
Tue May 20 2025 01:44:38   :  Нулевая таблица productList60081
Tue May 20 2025 01:44:39   :  Нулевая таблица productList60113
Tue May 20 2025 01:44:40   :  Нулевая таблица productList60141
Tue May 20 2025 01:44:42   :  Нулевая таблица productList60177
Tue May 20 2025 01:44:57   :  Нулевая таблица productList60193
Tue May 20 2025 01:44:58   :  Нулевая таблица productList60289
Tue May 20 2025 01:44:59   :  Нулевая таблица productList60331
Tue May 20 2025 01:45:00   :  Нулевая таблица productList60454
Tue May 20 2025 01:45:02   :  Нулевая таблица productList60456
Tue May 20 2025 01:45:03   :  Нулевая таблица productList60461
Tue May 20 2025 01:45:05   :  Нулевая таблица productList60467
Tue May 20 2025 01:45:17   :  Нулевая таблица productList60481
Tue May 20 2025 01:45:19   :  Нулевая таблица productList60546
Tue May 20 2025 01:45:23   :  Нулевая таблица productList60558
Tue May 20 2025 01:45:26   :  Нулевая таблица productList60562
Tue May 20 2025 01:45:28   :  Нулевая таблица productList60578
Tue May 20 2025 01:45:44   :  Нулевая таблица productList60583
Tue May 20 2025 01:45:45   :  Нулевая таблица productList60589
Tue May 20 2025 01:45:46   :  Нулевая таблица productList60591
Tue May 20 2025 01:45:48   :  Нулевая таблица productList60592
Tue May 20 2025 01:46:03   :  Нулевая таблица productList60594
Tue May 20 2025 01:46:04   :  Нулевая таблица productList60599
Tue May 20 2025 01:46:06   :  Нулевая таблица productList60600
Tue May 20 2025 01:46:09   :  Нулевая таблица productList60608
Tue May 20 2025 01:46:13   :  Нулевая таблица productList60611
Tue May 20 2025 01:46:16   :  Нулевая таблица productList60619
Tue May 20 2025 01:46:17   :  Нулевая таблица productList60625
Tue May 20 2025 01:46:20   :  Нулевая таблица productList60626
Tue May 20 2025 01:46:21   :  Нулевая таблица productList60627
Tue May 20 2025 01:46:24   :  Нулевая таблица productList60638
Tue May 20 2025 01:46:27   :  Нулевая таблица productList60644
Tue May 20 2025 01:46:49   :  Нулевая таблица productList60645
Tue May 20 2025 01:46:50   :  Нулевая таблица productList60646
Tue May 20 2025 01:46:51   :  Нулевая таблица productList60729
Tue May 20 2025 01:46:53   :  Нулевая таблица productList60733
Tue May 20 2025 01:47:06   :  Нулевая таблица productList60739
Tue May 20 2025 01:47:08   :  Нулевая таблица productList60751
Tue May 20 2025 01:47:09   :  Нулевая таблица productList60758
Tue May 20 2025 01:47:10   :  Нулевая таблица productList60763
Tue May 20 2025 01:47:12   :  Нулевая таблица productList60772
Tue May 20 2025 01:47:13   :  Нулевая таблица productList60775
Tue May 20 2025 01:47:16   :  Нулевая таблица productList60805
Tue May 20 2025 01:47:18   :  Нулевая таблица productList60806
Tue May 20 2025 01:47:31   :  Нулевая таблица productList60807
Tue May 20 2025 01:47:33   :  Нулевая таблица productList60808
Tue May 20 2025 01:47:43   :  Нулевая таблица productList60809
Tue May 20 2025 01:47:44   :  Нулевая таблица productList60811
Tue May 20 2025 01:47:45   :  Нулевая таблица productList60821
Tue May 20 2025 01:47:46   :  Нулевая таблица productList60822
Tue May 20 2025 01:47:58   :  Нулевая таблица productList60829
Tue May 20 2025 01:48:00   :  Нулевая таблица productList60830
Tue May 20 2025 01:48:01   :  Нулевая таблица productList60833
Tue May 20 2025 01:48:01   :  Нулевая таблица productList60836
Tue May 20 2025 01:48:02   :  Нулевая таблица productList60859
Tue May 20 2025 01:48:03   :  Нулевая таблица productList60890
Tue May 20 2025 01:48:04   :  Нулевая таблица productList60891
Tue May 20 2025 01:48:05   :  Нулевая таблица productList60892
Tue May 20 2025 01:48:06   :  Нулевая таблица productList60893
Tue May 20 2025 01:48:16   :  Нулевая таблица productList60897
Tue May 20 2025 01:48:26   :  Нулевая таблица productList60898
Tue May 20 2025 01:48:29   :  Нулевая таблица productList60899
Tue May 20 2025 01:48:30   :  Нулевая таблица productList60998
Tue May 20 2025 01:48:43   :  Нулевая таблица productList61005
Tue May 20 2025 01:48:51   :  Нулевая таблица productList61030
Tue May 20 2025 01:48:56   :  Нулевая таблица productList61239
Tue May 20 2025 01:48:59   :  Нулевая таблица productList61310
Tue May 20 2025 01:49:01   :  Нулевая таблица productList61440
Tue May 20 2025 01:49:07   :  Нулевая таблица productList61441
Tue May 20 2025 01:49:08   :  Нулевая таблица productList61447
Tue May 20 2025 01:49:09   :  Нулевая таблица productList61448
Tue May 20 2025 01:49:10   :  Нулевая таблица productList61486
Tue May 20 2025 01:49:12   :  Нулевая таблица productList61597
Tue May 20 2025 01:49:35   :  Нулевая таблица productList61598
Tue May 20 2025 01:49:43   :  Нулевая таблица productList61601
Tue May 20 2025 01:49:45   :  Нулевая таблица productList61602
Tue May 20 2025 01:49:57   :  Нулевая таблица productList61609
Tue May 20 2025 01:49:59   :  Нулевая таблица productList61613
Tue May 20 2025 01:50:11   :  Нулевая таблица productList61616
Tue May 20 2025 01:50:15   :  Нулевая таблица productList61623
Tue May 20 2025 01:50:16   :  Нулевая таблица productList61639
Tue May 20 2025 01:50:18   :  Нулевая таблица productList61643
Tue May 20 2025 01:50:26   :  Нулевая таблица productList61649
Tue May 20 2025 01:50:36   :  Нулевая таблица productList61657
Tue May 20 2025 01:50:40   :  Нулевая таблица productList61681
Tue May 20 2025 01:50:56   :  Нулевая таблица productList61687
Tue May 20 2025 01:51:01   :  Нулевая таблица productList61696
Tue May 20 2025 01:51:19   :  Нулевая таблица productList61699
Tue May 20 2025 01:51:20   :  Нулевая таблица productList61708
Tue May 20 2025 01:51:21   :  Нулевая таблица productList61712
Tue May 20 2025 01:51:24   :  Нулевая таблица productList61716
Tue May 20 2025 01:51:26   :  Нулевая таблица productList61719
Tue May 20 2025 01:51:27   :  Нулевая таблица productList61723
Tue May 20 2025 01:51:29   :  Нулевая таблица productList61731
Tue May 20 2025 01:51:30   :  Нулевая таблица productList61736
Tue May 20 2025 01:51:35   :  Нулевая таблица productList61756
Tue May 20 2025 01:51:36   :  Нулевая таблица productList61805
Tue May 20 2025 01:51:38   :  Нулевая таблица productList61808
Tue May 20 2025 01:51:40   :  Нулевая таблица productList61809
Tue May 20 2025 01:51:46   :  Нулевая таблица productList61866
Tue May 20 2025 01:51:48   :  Нулевая таблица productList61872
Tue May 20 2025 01:51:49   :  Нулевая таблица productList61958
Tue May 20 2025 01:51:50   :  Нулевая таблица productList62000
Tue May 20 2025 01:51:51   :  Нулевая таблица productList62003
Tue May 20 2025 01:51:57   :  Нулевая таблица productList62005
Tue May 20 2025 01:51:58   :  Нулевая таблица productList62050
Tue May 20 2025 01:52:01   :  Нулевая таблица productList62064
Tue May 20 2025 01:52:08   :  Нулевая таблица productList62071
Tue May 20 2025 01:52:10   :  Нулевая таблица productList62073
Tue May 20 2025 01:52:20   :  Нулевая таблица productList62096
Tue May 20 2025 01:52:31   :  Нулевая таблица productList62108
Tue May 20 2025 01:52:32   :  Нулевая таблица productList62139
Tue May 20 2025 01:52:33   :  Нулевая таблица productList62146
Tue May 20 2025 01:52:36   :  Нулевая таблица productList62154
Tue May 20 2025 01:52:37   :  Нулевая таблица productList62156
Tue May 20 2025 01:52:42   :  Нулевая таблица productList62159
Tue May 20 2025 01:52:44   :  Нулевая таблица productList62165
Tue May 20 2025 01:52:48   :  Нулевая таблица productList62170
Tue May 20 2025 01:52:49   :  Нулевая таблица productList62183
Tue May 20 2025 01:52:50   :  Нулевая таблица productList62188
Tue May 20 2025 01:53:03   :  Нулевая таблица productList62192
Tue May 20 2025 01:53:06   :  Нулевая таблица productList62195
Tue May 20 2025 01:53:07   :  Нулевая таблица productList62198
Tue May 20 2025 01:53:11   :  Нулевая таблица productList62200
Tue May 20 2025 01:53:15   :  Нулевая таблица productList62201
Tue May 20 2025 01:53:16   :  Нулевая таблица productList62204
Tue May 20 2025 01:53:18   :  Нулевая таблица productList62206
Tue May 20 2025 01:53:19   :  Нулевая таблица productList62228
Tue May 20 2025 01:53:20   :  Нулевая таблица productList62247
Tue May 20 2025 01:53:27   :  Нулевая таблица productList62254
Tue May 20 2025 01:53:29   :  Нулевая таблица productList62257
Tue May 20 2025 01:53:30   :  Нулевая таблица productList62259
Tue May 20 2025 01:53:32   :  Нулевая таблица productList62260
Tue May 20 2025 01:53:38   :  Нулевая таблица productList62281
Tue May 20 2025 01:53:39   :  Нулевая таблица productList62282
Tue May 20 2025 01:53:40   :  Нулевая таблица productList62319
Tue May 20 2025 01:53:43   :  Нулевая таблица productList62320
Tue May 20 2025 01:53:58   :  Нулевая таблица productList62321
Tue May 20 2025 01:53:59   :  Нулевая таблица productList62322
Tue May 20 2025 01:54:00   :  Нулевая таблица productList62325
Tue May 20 2025 01:54:01   :  Нулевая таблица productList62328
Tue May 20 2025 01:54:03   :  Нулевая таблица productList62355
Tue May 20 2025 01:54:04   :  Нулевая таблица productList62381
Tue May 20 2025 01:54:05   :  Нулевая таблица productList62385
Tue May 20 2025 01:54:07   :  Нулевая таблица productList62466
Tue May 20 2025 01:54:09   :  Нулевая таблица productList62508
Tue May 20 2025 01:54:14   :  Нулевая таблица productList62514
Tue May 20 2025 01:54:30   :  Нулевая таблица productList62516
Tue May 20 2025 01:54:33   :  Нулевая таблица productList62523
Tue May 20 2025 01:54:35   :  Нулевая таблица productList62547
Tue May 20 2025 01:54:36   :  Нулевая таблица productList62623
Tue May 20 2025 01:54:38   :  Нулевая таблица productList62642
Tue May 20 2025 01:54:39   :  Нулевая таблица productList62653
Tue May 20 2025 01:54:40   :  Нулевая таблица productList62661
Tue May 20 2025 01:54:47   :  Нулевая таблица productList62662
Tue May 20 2025 01:54:48   :  Нулевая таблица productList62666
Tue May 20 2025 01:54:49   :  Нулевая таблица productList62667
Tue May 20 2025 01:54:51   :  Нулевая таблица productList62705
Tue May 20 2025 01:54:52   :  Нулевая таблица productList62706
Tue May 20 2025 01:54:53   :  Нулевая таблица productList62826
Tue May 20 2025 01:54:54   :  Нулевая таблица productList62851
Tue May 20 2025 01:54:55   :  Нулевая таблица productList62855
Tue May 20 2025 01:54:57   :  Нулевая таблица productList62875
Tue May 20 2025 01:55:00   :  Нулевая таблица productList62903
Tue May 20 2025 01:55:16   :  Нулевая таблица productList62908
Tue May 20 2025 01:55:18   :  Нулевая таблица productList62946
Tue May 20 2025 01:55:20   :  Нулевая таблица productList62947
Tue May 20 2025 01:55:26   :  Нулевая таблица productList62948
Tue May 20 2025 01:55:28   :  Нулевая таблица productList62997
Tue May 20 2025 01:55:49   :  Нулевая таблица productList62998
Tue May 20 2025 01:55:51   :  Нулевая таблица productList62999
Tue May 20 2025 01:55:56   :  Нулевая таблица productList63001
Tue May 20 2025 01:55:58   :  Нулевая таблица productList63002
Tue May 20 2025 01:56:01   :  Нулевая таблица productList63003
Tue May 20 2025 01:56:05   :  Нулевая таблица productList63004
Tue May 20 2025 01:56:06   :  Нулевая таблица productList63005
Tue May 20 2025 01:56:25   :  Нулевая таблица productList63007
Tue May 20 2025 01:56:31   :  Нулевая таблица productList63008
Tue May 20 2025 01:56:47   :  Нулевая таблица productList63010
Tue May 20 2025 01:56:50   :  Нулевая таблица productList63011
Tue May 20 2025 01:56:52   :  Нулевая таблица productList63017
Tue May 20 2025 01:56:53   :  Нулевая таблица productList63055
Tue May 20 2025 01:56:55   :  Нулевая таблица productList63056
Tue May 20 2025 01:56:56   :  Нулевая таблица productList63057
Tue May 20 2025 01:57:04   :  Нулевая таблица productList63058
Tue May 20 2025 01:57:05   :  Нулевая таблица productList63060
Tue May 20 2025 01:57:06   :  Нулевая таблица productList63061
Tue May 20 2025 01:57:07   :  Нулевая таблица productList63064
Tue May 20 2025 01:57:14   :  Нулевая таблица productList63065
Tue May 20 2025 01:57:16   :  Нулевая таблица productList63066
Tue May 20 2025 01:57:21   :  Нулевая таблица productList63067
Tue May 20 2025 01:57:22   :  Нулевая таблица productList63068
Tue May 20 2025 01:57:25   :  Нулевая таблица productList63069
Tue May 20 2025 01:57:26   :  Нулевая таблица productList63070
Tue May 20 2025 01:57:27   :  Нулевая таблица productList63071
Tue May 20 2025 01:57:28   :  Нулевая таблица productList63072
Tue May 20 2025 01:57:29   :  Нулевая таблица productList63073
Tue May 20 2025 01:57:43   :  Нулевая таблица productList63075
Tue May 20 2025 01:57:45   :  Нулевая таблица productList63080
Tue May 20 2025 01:57:46   :  Нулевая таблица productList63081
Tue May 20 2025 01:57:49   :  Нулевая таблица productList63082
Tue May 20 2025 01:57:51   :  Нулевая таблица productList63083
Tue May 20 2025 01:57:53   :  Нулевая таблица productList63085
Tue May 20 2025 01:58:05   :  Нулевая таблица productList63087
Tue May 20 2025 01:58:13   :  Нулевая таблица productList63088
Tue May 20 2025 01:58:26   :  Нулевая таблица productList63089
Tue May 20 2025 01:58:46   :  Нулевая таблица productList63090
Tue May 20 2025 01:58:47   :  Нулевая таблица productList63091
Tue May 20 2025 01:58:52   :  Нулевая таблица productList63092
Tue May 20 2025 01:58:53   :  Нулевая таблица productList63093
Tue May 20 2025 01:58:56   :  Нулевая таблица productList631
Tue May 20 2025 01:59:03   :  Нулевая таблица productList645
Tue May 20 2025 01:59:04   :  Нулевая таблица productList6631
Tue May 20 2025 01:59:06   :  Нулевая таблица productList6837
Tue May 20 2025 01:59:18   :  Нулевая таблица productList7036
Tue May 20 2025 01:59:20   :  Нулевая таблица productList7107
Tue May 20 2025 01:59:32   :  Нулевая таблица productList7377
Tue May 20 2025 01:59:34   :  Нулевая таблица productList7380
Tue May 20 2025 01:59:35   :  Нулевая таблица productList7381
Tue May 20 2025 01:59:37   :  Нулевая таблица productList7383
Tue May 20 2025 01:59:39   :  Нулевая таблица productList7384
Tue May 20 2025 01:59:41   :  Нулевая таблица productList7385
Tue May 20 2025 01:59:57   :  Нулевая таблица productList7395
Tue May 20 2025 01:59:59   :  Нулевая таблица productList7396
Tue May 20 2025 02:00:00   :  Нулевая таблица productList7432
Tue May 20 2025 02:00:01   :  Нулевая таблица productList7447
Tue May 20 2025 02:00:02   :  Нулевая таблица productList7559
Tue May 20 2025 02:00:07   :  Нулевая таблица productList7588
Tue May 20 2025 02:00:09   :  Нулевая таблица productList7961
Tue May 20 2025 02:00:23   :  Нулевая таблица productList7962
Tue May 20 2025 02:00:25   :  Нулевая таблица productList7963
Tue May 20 2025 02:00:43   :  Нулевая таблица productList801
Tue May 20 2025 02:00:44   :  Нулевая таблица productList8049
Tue May 20 2025 02:00:47   :  Нулевая таблица productList8051
Tue May 20 2025 02:00:48   :  Нулевая таблица productList8064
Tue May 20 2025 02:00:49   :  Нулевая таблица productList8081
Tue May 20 2025 02:00:52   :  Нулевая таблица productList809
Tue May 20 2025 02:00:55   :  Нулевая таблица productList8093
Tue May 20 2025 02:00:56   :  Нулевая таблица productList8097
Tue May 20 2025 02:01:00   :  Нулевая таблица productList8098
Tue May 20 2025 02:01:08   :  Нулевая таблица productList8100
Tue May 20 2025 02:01:10   :  Нулевая таблица productList8126
Tue May 20 2025 02:01:14   :  Нулевая таблица productList8127
Tue May 20 2025 02:01:18   :  Нулевая таблица productList8130
Tue May 20 2025 05:30:08   :  Нулевая таблица productList9998 
Tue May 20 2025 05:30:09   :  Нулевая таблица productList1237
Tue May 20 2025 05:30:31   :  Нулевая таблица productList128892
Tue May 20 2025 05:30:32   :  Нулевая таблица productList128894
Tue May 20 2025 05:31:24   :  Нулевая таблица productList128893
Tue May 20 2025 05:31:25   :  Нулевая таблица productList128896
Tue May 20 2025 10:24:44   :  Нулевая таблица productList128831
Tue May 20 2025 15:05:47   :  Нулевая таблица productList131013
Tue May 20 2025 15:20:12   :  Нулевая таблица productList131226
Tue May 20 2025 15:20:52   :  Нулевая таблица productList131246
Tue May 20 2025 15:22:42   :  Нулевая таблица productList131286
Tue May 20 2025 15:24:30   :  Нулевая таблица productList131359
Tue May 20 2025 15:33:58   :  Нулевая таблица productList131408
Tue May 20 2025 15:35:27   :  Нулевая таблица productList131454
Wed May 21 2025 01:33:02   :  Нулевая таблица productList128831
Wed May 21 2025 05:48:05   :  Нулевая таблица productList131013
Wed May 21 2025 06:01:56   :  Нулевая таблица productList131226
Wed May 21 2025 06:02:33   :  Нулевая таблица productList131246
Wed May 21 2025 06:03:55   :  Нулевая таблица productList131286
Wed May 21 2025 06:05:17   :  Нулевая таблица productList131359
Wed May 21 2025 06:10:59   :  Нулевая таблица productList131408
Wed May 21 2025 06:12:08   :  Нулевая таблица productList131454
Wed May 21 2025 07:52:03   :  Нулевая таблица productList171532
Wed May 21 2025 13:45:31   :  Нулевая таблица productList9998 
Wed May 21 2025 13:45:32   :  Нулевая таблица productList1237
Wed May 21 2025 13:45:51   :  Нулевая таблица productList128892
Wed May 21 2025 13:45:52   :  Нулевая таблица productList128894
Wed May 21 2025 13:46:43   :  Нулевая таблица productList128893
Wed May 21 2025 13:46:44   :  Нулевая таблица productList128896
Thu May 22 2025 01:40:52   :  Нулевая таблица productList128831
Thu May 22 2025 05:39:28   :  Нулевая таблица productList131013
Thu May 22 2025 05:50:03   :  Нулевая таблица productList131226
Thu May 22 2025 05:50:37   :  Нулевая таблица productList131246
Thu May 22 2025 05:50:52   :  Нулевая таблица productList131261
Thu May 22 2025 05:51:55   :  Нулевая таблица productList131286
Thu May 22 2025 05:53:07   :  Нулевая таблица productList131359
Thu May 22 2025 05:59:14   :  Нулевая таблица productList131408
Thu May 22 2025 06:00:29   :  Нулевая таблица productList131454
Thu May 22 2025 07:41:26   :  Нулевая таблица productList171532
Thu May 22 2025 13:24:21   :  Нулевая таблица productList9998 
Thu May 22 2025 13:24:22   :  Нулевая таблица productList1237
Thu May 22 2025 13:24:44   :  Нулевая таблица productList128892
Thu May 22 2025 13:24:45   :  Нулевая таблица productList128894
Thu May 22 2025 13:26:15   :  Нулевая таблица productList128893
Thu May 22 2025 13:26:16   :  Нулевая таблица productList128896
Fri May 23 2025 01:36:55   :  Нулевая таблица productList128831
Fri May 23 2025 05:47:01   :  Нулевая таблица productList131013
Fri May 23 2025 05:59:32   :  Нулевая таблица productList131226
Fri May 23 2025 06:00:07   :  Нулевая таблица productList131246
Fri May 23 2025 06:00:22   :  Нулевая таблица productList131261
Fri May 23 2025 06:01:29   :  Нулевая таблица productList131286
Fri May 23 2025 06:02:44   :  Нулевая таблица productList131359
Fri May 23 2025 06:09:41   :  Нулевая таблица productList131408
Fri May 23 2025 06:10:55   :  Нулевая таблица productList131454
Fri May 23 2025 08:01:23   :  Нулевая таблица productList171532
Fri May 23 2025 14:11:48   :  Нулевая таблица productList9998 
Fri May 23 2025 14:11:49   :  Нулевая таблица productList1237
Fri May 23 2025 14:12:07   :  Нулевая таблица productList128892
Fri May 23 2025 14:12:08   :  Нулевая таблица productList128894
Fri May 23 2025 14:13:26   :  Нулевая таблица productList128893
Fri May 23 2025 14:13:27   :  Нулевая таблица productList128896
Sat May 24 2025 01:41:54   :  Нулевая таблица productList128831
Sat May 24 2025 06:02:04   :  Нулевая таблица productList131013
Sat May 24 2025 06:13:15   :  Нулевая таблица productList131226
Sat May 24 2025 06:13:50   :  Нулевая таблица productList131246
Sat May 24 2025 06:14:05   :  Нулевая таблица productList131261
Sat May 24 2025 06:15:11   :  Нулевая таблица productList131286
Sat May 24 2025 06:16:24   :  Нулевая таблица productList131359
Sat May 24 2025 06:22:46   :  Нулевая таблица productList131408
Sat May 24 2025 06:24:01   :  Нулевая таблица productList131454
Sat May 24 2025 08:14:30   :  Нулевая таблица productList171532
Sat May 24 2025 14:07:55   :  Нулевая таблица productList9998 
Sat May 24 2025 14:07:55   :  Нулевая таблица productList1237
Sat May 24 2025 14:08:15   :  Нулевая таблица productList128892
Sat May 24 2025 14:08:16   :  Нулевая таблица productList128894
Sat May 24 2025 14:09:34   :  Нулевая таблица productList128893
Sat May 24 2025 14:09:34   :  Нулевая таблица productList128896
Sun May 25 2025 01:41:01   :  Нулевая таблица productList128831
Sun May 25 2025 05:52:47   :  Нулевая таблица productList131013
Sun May 25 2025 06:03:32   :  Нулевая таблица productList131226
Sun May 25 2025 06:04:07   :  Нулевая таблица productList131246
Sun May 25 2025 06:04:21   :  Нулевая таблица productList131261
Sun May 25 2025 06:05:33   :  Нулевая таблица productList131286
Sun May 25 2025 06:06:51   :  Нулевая таблица productList131359
Sun May 25 2025 06:14:49   :  Нулевая таблица productList131408
Sun May 25 2025 06:16:07   :  Нулевая таблица productList131454
Sun May 25 2025 07:59:46   :  Нулевая таблица productList171532
Sun May 25 2025 13:42:30   :  Нулевая таблица productList9998 
Sun May 25 2025 13:42:31   :  Нулевая таблица productList1237
Sun May 25 2025 13:42:54   :  Нулевая таблица productList128892
Sun May 25 2025 13:42:55   :  Нулевая таблица productList128894
Sun May 25 2025 13:44:36   :  Нулевая таблица productList128893
Sun May 25 2025 13:44:37   :  Нулевая таблица productList128896
Mon May 26 2025 01:43:26   :  Нулевая таблица productList128831
Mon May 26 2025 05:58:39   :  Нулевая таблица productList131013
Mon May 26 2025 06:09:41   :  Нулевая таблица productList131226
Mon May 26 2025 06:10:15   :  Нулевая таблица productList131246
Mon May 26 2025 06:10:29   :  Нулевая таблица productList131261
Mon May 26 2025 06:11:38   :  Нулевая таблица productList131286
Mon May 26 2025 06:12:55   :  Нулевая таблица productList131359
Mon May 26 2025 06:19:09   :  Нулевая таблица productList131408
Mon May 26 2025 06:20:19   :  Нулевая таблица productList131454
Mon May 26 2025 08:00:02   :  Нулевая таблица productList171532
Mon May 26 2025 14:10:37   :  Нулевая таблица productList9998 
Mon May 26 2025 14:10:38   :  Нулевая таблица productList1237
Mon May 26 2025 14:10:59   :  Нулевая таблица productList128892
Mon May 26 2025 14:11:00   :  Нулевая таблица productList128894
Mon May 26 2025 14:12:28   :  Нулевая таблица productList128893
Mon May 26 2025 14:12:29   :  Нулевая таблица productList128896
Tue May 27 2025 01:43:06   :  Нулевая таблица productList128831
Tue May 27 2025 06:08:06   :  Нулевая таблица productList131013
Tue May 27 2025 06:19:01   :  Нулевая таблица productList131226
Tue May 27 2025 06:19:36   :  Нулевая таблица productList131246
Tue May 27 2025 06:19:50   :  Нулевая таблица productList131261
Tue May 27 2025 06:20:58   :  Нулевая таблица productList131286
Tue May 27 2025 06:22:13   :  Нулевая таблица productList131359
Tue May 27 2025 06:30:10   :  Нулевая таблица productList131454
Tue May 27 2025 08:06:44   :  Нулевая таблица productList171532
Tue May 27 2025 13:56:32   :  Нулевая таблица productList9998 
Tue May 27 2025 13:56:33   :  Нулевая таблица productList1237
Tue May 27 2025 13:56:52   :  Нулевая таблица productList128892
Tue May 27 2025 13:56:53   :  Нулевая таблица productList128894
Tue May 27 2025 13:58:01   :  Нулевая таблица productList128893
Tue May 27 2025 13:58:02   :  Нулевая таблица productList128896
Wed May 28 2025 01:50:07   :  Нулевая таблица productList128831
Wed May 28 2025 06:47:43   :  Нулевая таблица productList131013
Wed May 28 2025 07:00:54   :  Нулевая таблица productList131226
Wed May 28 2025 07:01:34   :  Нулевая таблица productList131246
Wed May 28 2025 07:01:49   :  Нулевая таблица productList131261
Wed May 28 2025 07:03:02   :  Нулевая таблица productList131286
Wed May 28 2025 07:04:27   :  Нулевая таблица productList131359
Wed May 28 2025 07:14:18   :  Нулевая таблица productList131454
Wed May 28 2025 09:09:42   :  Нулевая таблица productList171532
Wed May 28 2025 15:36:04   :  Нулевая таблица productList9998 
Wed May 28 2025 15:36:05   :  Нулевая таблица productList1237
Wed May 28 2025 15:36:29   :  Нулевая таблица productList128892
Wed May 28 2025 15:36:30   :  Нулевая таблица productList128894
Wed May 28 2025 15:37:57   :  Нулевая таблица productList128893
Wed May 28 2025 15:37:58   :  Нулевая таблица productList128896
Thu May 29 2025 01:57:59   :  Нулевая таблица productList128831
Thu May 29 2025 07:03:38   :  Нулевая таблица productList131013
Thu May 29 2025 07:17:03   :  Нулевая таблица productList131226
Thu May 29 2025 07:17:45   :  Нулевая таблица productList131246
Thu May 29 2025 07:17:59   :  Нулевая таблица productList131261
Thu May 29 2025 07:19:08   :  Нулевая таблица productList131286
Thu May 29 2025 07:20:38   :  Нулевая таблица productList131359
Thu May 29 2025 07:30:26   :  Нулевая таблица productList131454
Thu May 29 2025 09:25:33   :  Нулевая таблица productList171532
Thu May 29 2025 16:06:55   :  Нулевая таблица productList9998 
Thu May 29 2025 16:06:56   :  Нулевая таблица productList1237
Thu May 29 2025 16:07:20   :  Нулевая таблица productList128892
Thu May 29 2025 16:07:20   :  Нулевая таблица productList128894
Thu May 29 2025 16:08:42   :  Нулевая таблица productList128893
Thu May 29 2025 16:08:43   :  Нулевая таблица productList128896
Fri May 30 2025 01:57:56   :  Нулевая таблица productList128831
Fri May 30 2025 07:24:40   :  Нулевая таблица productList131013
Fri May 30 2025 07:39:35   :  Нулевая таблица productList131226
Fri May 30 2025 07:40:12   :  Нулевая таблица productList131246
Fri May 30 2025 07:40:26   :  Нулевая таблица productList131261
Fri May 30 2025 07:41:36   :  Нулевая таблица productList131286
Fri May 30 2025 07:43:04   :  Нулевая таблица productList131359
Fri May 30 2025 07:53:16   :  Нулевая таблица productList131454
Fri May 30 2025 10:07:00   :  Нулевая таблица productList171532
Fri May 30 2025 16:55:41   :  Нулевая таблица productList9998 
Fri May 30 2025 16:55:41   :  Нулевая таблица productList1237
Fri May 30 2025 16:56:05   :  Нулевая таблица productList128892
Fri May 30 2025 16:56:06   :  Нулевая таблица productList128894
Fri May 30 2025 16:57:24   :  Нулевая таблица productList128893
Fri May 30 2025 16:57:25   :  Нулевая таблица productList128896
Sat May 31 2025 01:56:42   :  Нулевая таблица productList128831
Sat May 31 2025 05:25:32   :  Нулевая таблица productList130756
Sat May 31 2025 06:59:04   :  Нулевая таблица productList131013
Sat May 31 2025 06:59:11   :  Нулевая таблица productList131018
Sat May 31 2025 07:13:39   :  Нулевая таблица productList131226
Sat May 31 2025 07:14:32   :  Нулевая таблица productList131261
Sat May 31 2025 07:14:46   :  Нулевая таблица productList131271
Sat May 31 2025 07:15:54   :  Нулевая таблица productList131286
Sat May 31 2025 07:17:34   :  Нулевая таблица productList131359
Sat May 31 2025 07:25:02   :  Нулевая таблица productList131408
Sat May 31 2025 09:25:26   :  Нулевая таблица productList171532
Sat May 31 2025 16:13:55   :  Нулевая таблица productList9998 
Sat May 31 2025 16:13:56   :  Нулевая таблица productList1237
Sat May 31 2025 16:14:16   :  Нулевая таблица productList128892
Sat May 31 2025 16:14:17   :  Нулевая таблица productList128894
Sat May 31 2025 16:15:23   :  Нулевая таблица productList128893
Sat May 31 2025 16:15:24   :  Нулевая таблица productList128896
Sun Jun 01 2025 01:50:38   :  Нулевая таблица productList128831
Sun Jun 01 2025 05:11:54   :  Нулевая таблица productList130756
Sun Jun 01 2025 06:40:00   :  Нулевая таблица productList131013
Sun Jun 01 2025 06:40:08   :  Нулевая таблица productList131018
Sun Jun 01 2025 06:54:30   :  Нулевая таблица productList131226
Sun Jun 01 2025 06:55:27   :  Нулевая таблица productList131261
Sun Jun 01 2025 06:55:41   :  Нулевая таблица productList131271
Sun Jun 01 2025 06:56:52   :  Нулевая таблица productList131286
Sun Jun 01 2025 06:58:30   :  Нулевая таблица productList131359
Sun Jun 01 2025 07:05:59   :  Нулевая таблица productList131408
Sun Jun 01 2025 09:02:57   :  Нулевая таблица productList171532
Sun Jun 01 2025 15:45:29   :  Нулевая таблица productList9998 
Sun Jun 01 2025 15:45:30   :  Нулевая таблица productList1237
Sun Jun 01 2025 15:45:53   :  Нулевая таблица productList128892
Sun Jun 01 2025 15:45:54   :  Нулевая таблица productList128894
Sun Jun 01 2025 15:47:01   :  Нулевая таблица productList128893
Sun Jun 01 2025 15:47:02   :  Нулевая таблица productList128896
Mon Jun 02 2025 00:16:23   :  Нулевая таблица productList10320
Mon Jun 02 2025 00:16:25   :  Нулевая таблица productList10328
Mon Jun 02 2025 00:16:32   :  Нулевая таблица productList10329
Mon Jun 02 2025 00:16:33   :  Нулевая таблица productList10331
Mon Jun 02 2025 00:16:36   :  Нулевая таблица productList10357
Mon Jun 02 2025 00:16:41   :  Нулевая таблица productList10364
Mon Jun 02 2025 00:16:42   :  Нулевая таблица productList10384
Mon Jun 02 2025 00:16:43   :  Нулевая таблица productList10395
Mon Jun 02 2025 00:16:44   :  Нулевая таблица productList130778
Mon Jun 02 2025 00:16:45   :  Нулевая таблица productList10405
Mon Jun 02 2025 00:16:50   :  Нулевая таблица productList10408
Mon Jun 02 2025 00:16:52   :  Нулевая таблица productList10459
Mon Jun 02 2025 09:34:50   :  Нулевая таблица productList128831
Mon Jun 02 2025 13:09:28   :  Нулевая таблица productList130756
Mon Jun 02 2025 14:41:04   :  Нулевая таблица productList131013
Mon Jun 02 2025 14:41:12   :  Нулевая таблица productList131018
Mon Jun 02 2025 14:56:05   :  Нулевая таблица productList131226
Mon Jun 02 2025 14:57:01   :  Нулевая таблица productList131261
Mon Jun 02 2025 14:57:16   :  Нулевая таблица productList131271
Mon Jun 02 2025 14:58:33   :  Нулевая таблица productList131286
Mon Jun 02 2025 15:00:50   :  Нулевая таблица productList131359
Mon Jun 02 2025 15:08:15   :  Нулевая таблица productList131408
Mon Jun 02 2025 17:09:20   :  Нулевая таблица productList171532
