Thu Feb 20 2025 14:53:48   :  Словили ECONNRESET
Fri Feb 21 2025 08:07:45   :  Словили ECONNRESET
Fri Feb 21 2025 08:51:54   :  Словили ECONNRESET
Sun Feb 23 2025 09:10:03   :  Словили ECONNRESET
Tue Feb 25 2025 13:06:35   :  Словили ECONNRESET
Tue Feb 25 2025 13:06:36   :  Словили ECONNRESET
Tue Feb 25 2025 13:13:05   :  Словили ECONNRESET
Tue Feb 25 2025 13:18:32   :  Словили ECONNRESET
Tue Feb 25 2025 13:18:37   :  Словили ECONNRESET
Tue Feb 25 2025 14:55:38   :  Словили ECONNRESET
Tue Feb 25 2025 14:55:39   :  Словили ECONNRESET
Tue Feb 25 2025 15:00:44   :  Словили ECONNRESET
Sat Mar 01 2025 04:20:15   :  Словили ECONNRESET
Sat Mar 01 2025 05:05:51   :  Словили ECONNRESET
Sat Mar 01 2025 05:06:24   :  Словили ECONNRESET
Sat Mar 01 2025 07:34:12   :  Словили ECONNRESET
Mon Mar 03 2025 08:35:27   :  Словили ECONNRESET
Mon Mar 03 2025 13:16:34   :  Словили ECONNRESET
Wed Mar 05 2025 15:14:09   :  Словили ECONNRESET
Wed Mar 05 2025 17:44:04   :  Словили ECONNRESET
Wed Mar 05 2025 20:08:26   :  Словили ECONNRESET
Wed Mar 05 2025 20:08:44   :  Словили ECONNRESET
Wed Mar 05 2025 20:08:54   :  Словили ECONNRESET
Wed Mar 05 2025 20:09:11   :  Словили ECONNRESET
Wed Mar 05 2025 20:11:05   :  Словили ECONNRESET
Wed Mar 05 2025 20:11:15   :  Словили ECONNRESET
Fri Mar 07 2025 13:30:14   :  Словили ECONNRESET
